Arguments: 
  C:\Program Files\nodejs\node.exe C:\Program Files (x86)\Yarn\bin\yarn.js install

PATH: 
  C:\Program Files (x86)\Intel\iCLS Client\;C:\Program Files\Intel\iCLS Client\;C:\Windows\system32;C:\Windows;C:\Windows\System32\Wbem;C:\Windows\System32\WindowsPowerShell\v1.0\;C:\Program Files\Intel\WiFi\bin\;C:\Program Files\Common Files\Intel\WirelessCommon\;C:\Program Files (x86)\NVIDIA Corporation\PhysX\Common;C:\Program Files\nodejs\;C:\Program Files (x86)\Yarn\bin\;C:\Program Files\Git\cmd;C:\WINDOWS\system32;C:\WINDOWS;C:\WINDOWS\System32\Wbem;C:\WINDOWS\System32\WindowsPowerShell\v1.0\;C:\Program Files\MongoDB\Server\3.6\bin;C:\Program Files (x86)\Intel\Intel(R) Management Engine Components\DAL;C:\Program Files\Intel\Intel(R) Management Engine Components\DAL;C:\Program Files (x86)\Intel\Intel(R) Management Engine Components\IPT;C:\Program Files\Intel\Intel(R) Management Engine Components\IPT;C:\Program Files\Android\Android Studio\jre\bin;C:\Users\kenkz447\AppData\Local\Android\Sdk\tools;C:\Users\kenkz447\AppData\Local\Android\Sdk\platform-tools;C:\WINDOWS\System32\OpenSSH\;D:\soft\watchman;;C:\Program Files\Microsoft VS Code\bin;C:\Program Files\Common Files\Autodesk Shared\;C:\Program Files (x86)\Autodesk\Backburner\;C:\Users\kenkz447\AppData\Local\Microsoft\WindowsApps;C:\Users\kenkz447\AppData\Roaming\npm;C:\Users\kenkz447\AppData\Local\Yarn\bin;C:\Program Files\Microsoft VS Code\bin;C:\Users\kenkz447\AppData\Local\Android\sdk\platform-tools;

Yarn version: 
  1.5.1

Node version: 
  9.8.0

Platform: 
  win32 x64

npm manifest: 
  {
      "config": {
          "host": "localhost",
          "port": 3000
      },
      "dependencies": {
          "antd": "^3.7.0",
          "autobind-decorator": "^2.1.0",
          "bootstrap": "^4.1.2",
          "classnames": "2.2.6",
          "compass-mixins": "^0.12.10",
          "core-decorators": "^0.20.0",
          "font-awesome": "^4.7.0",
          "history": "^4.7.2",
          "jwt-decode": "^2.2.0",
          "lodash": "^4.17.10",
          "moment-range": "^4.0.1",
          "prop-types": "^15.6.1",
          "rc-tree-select": "^2.0.10",
          "react": "^16.2.0",
          "react-dom": "^16.2.0",
          "react-redux": "^5.0.6",
          "react-redux-router": "^0.0.14",
          "react-router": "^4.2.0",
          "react-router-dom": "^4.2.2",
          "react-router-redux": "^4.0.8",
          "react-transition-group": "^2.4.0",
          "redux": "^4.0.0",
          "redux-form": "^7.3.0",
          "three": "^0.94.0",
          "tsconfig-paths-webpack-plugin": "^3.2.0",
          "tslint-react": "^3.6.0",
          "uuid": "^3.1.0"
      },
      "devDependencies": {
          "@types/classnames": "^2.2.5",
          "@types/core-decorators": "^0.20.0",
          "@types/lodash": "^4.14.112",
          "@types/moment-range": "^3.0.4",
          "@types/prop-types": "^15.5.2",
          "@types/react": "^16.3.14",
          "@types/react-dom": "^16.0.5",
          "@types/react-redux": "^6.0.0",
          "@types/react-router": "^4.0.29",
          "@types/react-router-dom": "^4.2.3",
          "@types/react-router-redux": "^5.0.14",
          "@types/react-transition-group": "^2.0.8",
          "@types/redux-form": "^7.4.1",
          "@types/three": "^0.92.12",
          "@types/webpack-env": "^1.13.6",
          "autoprefixer": "^9.0.0",
          "compression-webpack-plugin": "^1.1.11",
          "cross-env": "^5.1.5",
          "css-loader": "^1.0.0",
          "duplicate-package-checker-webpack-plugin": "^3.0.0",
          "eslint": "^5.1.0",
          "extract-text-webpack-plugin": "^4.0.0-beta.0",
          "file-loader": "^1.1.6",
          "html-webpack-plugin": "^3.1.0",
          "mini-css-extract-plugin": "^0.4.0",
          "ncp": "^2.0.0",
          "node-sass": "^4.7.2",
          "postcss": "^7.0.0",
          "postcss-loader": "^2.1.5",
          "react-hot-loader": "^4.2.0",
          "resolve-url-loader": "^2.2.1",
          "rimraf": "^2.6.2",
          "sass-loader": "^7.0.1",
          "style-loader": "^0.21.0",
          "ts-loader": "^4.3.0",
          "tslint": "^5.11.0",
          "tslint-language-service": "^0.9.9",
          "typescript": "^2.9.2",
          "uglifyjs-webpack-plugin": "^1.1.5",
          "webpack": "^4.16.1",
          "webpack-bundle-analyzer": "^2.12.0",
          "webpack-cli": "^3.1.0",
          "webpack-dev-server": "^3.1.4",
          "webpack-env": "^0.8.0"
      },
      "resolutions": {
          "antd/rc-tree-select": "^1.12.13"
      },
      "name": "furnituremaker",
      "scripts": {
          "lint": "tslint --fix --project tsconfig.json",
          "start": "node devServer.js",
          "clean": "rimraf ./dist",
          "build": "npm run clean && npm run build:test && npm run build:copy-static && npm run build:copy-bin",
          "build:test": "cross-env NODE_ENV=production webpack --display=errors-only --progress --colors --config webpack.config.test.js",
          "build:copy-static": "ncp ./static ./dist/static",
          "build:copy-bin": "ncp ./bin ./dist"
      },
      "version": "1.0.0"
  }

yarn manifest: 
  No manifest

Lockfile: 
  No lockfile

Trace: 
  Error: Found incompatible module
      at new MessageError (C:\Program Files (x86)\Yarn\lib\cli.js:186:110)
      at checkOne (C:\Program Files (x86)\Yarn\lib\cli.js:62444:11)
      at Object.check (C:\Program Files (x86)\Yarn\lib\cli.js:62463:5)
      at C:\Program Files (x86)\Yarn\lib\cli.js:22803:73
      at Generator.next (<anonymous>)
      at step (C:\Program Files (x86)\Yarn\lib\cli.js:98:30)
      at C:\Program Files (x86)\Yarn\lib\cli.js:109:13
      at <anonymous>
